<?xml version="1.0" encoding="UTF-8"?>
<!-- Generated by org.testng.reporters.JUnitReportReporter -->
<testsuite skipped="0" hostname="DESKTOP-6M9B03E" name="restassuredTest.Demo1_GET_Request" tests="1" failures="0" timestamp="2020-01-27T16:02:41 EST" time="2.160" errors="0">
  <testcase name="getWeatherDetails" time="2.160" classname="restassuredTest.Demo1_GET_Request"/>
  <system-out/>
</testsuite> <!-- restassuredTest.Demo1_GET_Request -->
