<?xml version="1.0" encoding="UTF-8"?>
<!-- Generated by org.testng.reporters.JUnitReportReporter -->
<testsuite skipped="0" hostname="DESKTOP-6M9B03E" name="restassuredTest.Demo3_PUT_Request" tests="1" failures="0" timestamp="2020-01-27T15:43:39 EST" time="2.070" errors="0">
  <testcase name="testPut" time="2.070" classname="restassuredTest.Demo3_PUT_Request"/>
  <system-out/>
</testsuite> <!-- restassuredTest.Demo3_PUT_Request -->
