<?xml version="1.0" encoding="UTF-8"?>
<!-- Generated by org.testng.reporters.JUnitReportReporter -->
<testsuite skipped="0" hostname="DESKTOP-6M9B03E" name="restassuredTest.Demo2_POST_Request" tests="1" failures="0" timestamp="2020-01-27T16:02:26 EST" time="2.057" errors="0">
  <testcase name="testPost" time="2.057" classname="restassuredTest.Demo2_POST_Request"/>
  <system-out/>
</testsuite> <!-- restassuredTest.Demo2_POST_Request -->
